Contact backend listening on http://localhost:5050
[CONTACT_ERROR] Error: Invalid login: 535 5.7.139 Authentication unsuccessful, user is locked by your organization's security defaults policy. Contact your administrator. [BMXP287CA0002.INDP287.PROD.OUTLOOK.COM 2025-10-01T20:02:21.589Z 08DDFD60D3C49D11]
    at SMTPConnection._formatError (/Users/vagish/Desktop/DNtarding/node_modules/nodemailer/lib/smtp-connection/index.js:809:19)
    at SMTPConnection._actionAUTHComplete (/Users/vagish/Desktop/DNtarding/node_modules/nodemailer/lib/smtp-connection/index.js:1588:34)
    at SMTPConnection.<anonymous> (/Users/vagish/Desktop/DNtarding/node_modules/nodemailer/lib/smtp-connection/index.js:1542:18)
    at SMTPConnection._processResponse (/Users/vagish/Desktop/DNtarding/node_modules/nodemailer/lib/smtp-connection/index.js:993:20)
    at SMTPConnection._onData (/Users/vagish/Desktop/DNtarding/node_modules/nodemailer/lib/smtp-connection/index.js:774:14)
    at SMTPConnection._onSocketData (/Users/vagish/Desktop/DNtarding/node_modules/nodemailer/lib/smtp-connection/index.js:195:44)
    at TLSSocket.emit (node:events:519:28)
    at addChunk (node:internal/streams/readable:561:12)
    at readableAddChunkPushByteMode (node:internal/streams/readable:512:3)
    at Readable.push (node:internal/streams/readable:392:5) {
  code: 'EAUTH',
  response: "535 5.7.139 Authentication unsuccessful, user is locked by your organization's security defaults policy. Contact your administrator. [BMXP287CA0002.INDP287.PROD.OUTLOOK.COM 2025-10-01T20:02:21.589Z 08DDFD60D3C49D11]",
  responseCode: 535,
  command: 'AUTH LOGIN'
}
[CONTACT_ERROR] Error: Invalid login: 535 5.7.139 Authentication unsuccessful, user is locked by your organization's security defaults policy. Contact your administrator. [BM1P287CA0021.INDP287.PROD.OUTLOOK.COM 2025-10-01T20:38:17.412Z 08DDFC98E71FB45B]
    at SMTPConnection._formatError (/Users/vagish/Desktop/DNtarding/node_modules/nodemailer/lib/smtp-connection/index.js:809:19)
    at SMTPConnection._actionAUTHComplete (/Users/vagish/Desktop/DNtarding/node_modules/nodemailer/lib/smtp-connection/index.js:1588:34)
    at SMTPConnection.<anonymous> (/Users/vagish/Desktop/DNtarding/node_modules/nodemailer/lib/smtp-connection/index.js:1542:18)
    at SMTPConnection._processResponse (/Users/vagish/Desktop/DNtarding/node_modules/nodemailer/lib/smtp-connection/index.js:993:20)
    at SMTPConnection._onData (/Users/vagish/Desktop/DNtarding/node_modules/nodemailer/lib/smtp-connection/index.js:774:14)
    at SMTPConnection._onSocketData (/Users/vagish/Desktop/DNtarding/node_modules/nodemailer/lib/smtp-connection/index.js:195:44)
    at TLSSocket.emit (node:events:519:28)
    at addChunk (node:internal/streams/readable:561:12)
    at readableAddChunkPushByteMode (node:internal/streams/readable:512:3)
    at Readable.push (node:internal/streams/readable:392:5) {
  code: 'EAUTH',
  response: "535 5.7.139 Authentication unsuccessful, user is locked by your organization's security defaults policy. Contact your administrator. [BM1P287CA0021.INDP287.PROD.OUTLOOK.COM 2025-10-01T20:38:17.412Z 08DDFC98E71FB45B]",
  responseCode: 535,
  command: 'AUTH LOGIN'
}
